<?xml version="1.0" encoding="UTF-8"?>
<!-- Generated by org.testng.reporters.JUnitXMLReporter -->
<testsuite ignored="1" hostname="Haritha" failures="0" tests="1" name="Default test" time="3.722" errors="0" timestamp="2025-05-15T18:27:56 CDT">
  <testcase classname="GETAPIs.GetCallPathParameterswithDataProviders" name="getCircuitCountFormulaOneTestwithoutdataproviders" time="3.667"/>
  <testcase classname="GETAPIs.GetCallPathParameterswithDataProviders" name="getCircuitCountFormulaOneTest" time="0.0">
    <ignored/>
  </testcase> <!-- getCircuitCountFormulaOneTest -->
</testsuite> <!-- Default test -->
