<?xml version="1.0" encoding="UTF-8"?>
<!-- Generated by org.testng.reporters.JUnitXMLReporter -->
<testsuite ignored="0" hostname="Haritha" failures="0" tests="3" name="Default test" time="5.565" errors="0" timestamp="2025-07-17T23:41:59 CDT">
  <testcase classname="POSTAPIs.BookingAuthTest" name="getBookingauthTokenTest_with_JSONFile" time="3.643"/>
  <testcase classname="POSTAPIs.BookingAuthTest" name="getBookingauthTokenTest_with_JSONPOJO" time="0.75"/>
  <testcase classname="POSTAPIs.BookingAuthTest" name="getBookingauthTokenTest_with_JSONString" time="0.377"/>
</testsuite> <!-- Default test -->
